c:\users\anast\desktop\типакурсач\типакурсач\debug\vc142.pdb
c:\users\anast\desktop\типакурсач\типакурсач\debug\.netframework,version=v4.7.2.assemblyattributes.obj
c:\users\anast\desktop\типакурсач\типакурсач\debug\настройки.obj
c:\users\anast\desktop\типакурсач\типакурсач\debug\usersfood.obj
c:\users\anast\desktop\типакурсач\типакурсач\debug\registration.obj
c:\users\anast\desktop\типакурсач\типакурсач\debug\product1.obj
c:\users\anast\desktop\типакурсач\типакурсач\debug\product.obj
c:\users\anast\desktop\типакурсач\типакурсач\debug\personal_page1.obj
c:\users\anast\desktop\типакурсач\типакурсач\debug\myform.obj
c:\users\anast\desktop\типакурсач\типакурсач\debug\inf_for_registr.obj
c:\users\anast\desktop\типакурсач\типакурсач\debug\change_pass.obj
c:\users\anast\desktop\типакурсач\типакурсач\debug\change_login.obj
c:\users\anast\desktop\типакурсач\типакурсач\debug\autoriz.obj
c:\users\anast\desktop\типакурсач\типакурсач\debug\add_akk.obj
c:\users\anast\desktop\типакурсач\типакурсач\debug\myform1.obj
c:\users\anast\desktop\типакурсач\debug\типакурсач.exe
c:\users\anast\desktop\типакурсач\debug\типакурсач.pdb
c:\users\anast\desktop\типакурсач\типакурсач\debug\типакурсач.autoriz.resources
c:\users\anast\desktop\типакурсач\типакурсач\debug\типакурсач.change_login.resources
c:\users\anast\desktop\типакурсач\типакурсач\debug\типакурсач.change_pass.resources
c:\users\anast\desktop\типакурсач\типакурсач\debug\типакурсач.inf_for_registr.resources
c:\users\anast\desktop\типакурсач\типакурсач\debug\типакурсач.myform.resources
c:\users\anast\desktop\типакурсач\типакурсач\debug\типакурсач.personal_page1.resources
c:\users\anast\desktop\типакурсач\типакурсач\debug\типакурсач.product.resources
c:\users\anast\desktop\типакурсач\типакурсач\debug\типакурсач.product1.resources
c:\users\anast\desktop\типакурсач\типакурсач\debug\типакурсач.registration.resources
c:\users\anast\desktop\типакурсач\типакурсач\debug\типакурсач.usersfood.resources
c:\users\anast\desktop\типакурсач\типакурсач\debug\типакурсач.настройки.resources
c:\users\anast\desktop\типакурсач\типакурсач\debug\типакурсач.tlog\cl.command.1.tlog
c:\users\anast\desktop\типакурсач\типакурсач\debug\типакурсач.tlog\cl.read.1.tlog
c:\users\anast\desktop\типакурсач\типакурсач\debug\типакурсач.tlog\cl.write.1.tlog
c:\users\anast\desktop\типакурсач\типакурсач\debug\типакурсач.tlog\link.command.1.tlog
c:\users\anast\desktop\типакурсач\типакурсач\debug\типакурсач.tlog\link.read.1.tlog
c:\users\anast\desktop\типакурсач\типакурсач\debug\типакурсач.tlog\link.write.1.tlog
c:\users\anast\desktop\типакурсач\типакурсач\debug\типакурсач.tlog\metagen.read.1.tlog
c:\users\anast\desktop\типакурсач\типакурсач\debug\типакурсач.tlog\metagen.write.1.tlog
c:\users\anast\desktop\типакурсач\типакурсач\debug\типакурсач.tlog\типакурсач.write.1u.tlog
